  stdafx.cpp
  Road.cpp
c:\users\19i9m01\documents\github\poleposition\poleposition\poleposition\road.cpp(61): warning C4244: '=': conversion from 'double' to 'int', possible loss of data
c:\users\19i9m01\documents\github\poleposition\poleposition\poleposition\road.cpp(67): warning C4244: '=': conversion from 'float' to 'int', possible loss of data
c:\users\19i9m01\documents\github\poleposition\poleposition\poleposition\road.cpp(68): warning C4244: '=': conversion from 'double' to 'int', possible loss of data
c:\users\19i9m01\documents\github\poleposition\poleposition\poleposition\road.cpp(77): warning C4244: 'argument': conversion from 'int' to 'float', possible loss of data
c:\users\19i9m01\documents\github\poleposition\poleposition\poleposition\road.cpp(88): warning C4244: '=': conversion from 'float' to 'int', possible loss of data
c:\users\19i9m01\documents\github\poleposition\poleposition\poleposition\road.cpp(89): warning C4244: '=': conversion from 'double' to 'int', possible loss of data
c:\users\19i9m01\documents\github\poleposition\poleposition\poleposition\road.cpp(93): warning C4244: 'argument': conversion from 'int' to 'float', possible loss of data
c:\users\19i9m01\documents\github\poleposition\poleposition\poleposition\road.cpp(102): warning C4244: '=': conversion from 'float' to 'int', possible loss of data
c:\users\19i9m01\documents\github\poleposition\poleposition\poleposition\road.cpp(103): warning C4244: '=': conversion from 'double' to 'int', possible loss of data
c:\users\19i9m01\documents\github\poleposition\poleposition\poleposition\road.cpp(112): warning C4244: 'argument': conversion from 'double' to 'float', possible loss of data
c:\users\19i9m01\documents\github\poleposition\poleposition\poleposition\road.cpp(114): warning C4244: 'argument': conversion from 'double' to 'float', possible loss of data
c:\users\19i9m01\documents\github\poleposition\poleposition\poleposition\road.cpp(123): warning C4244: '=': conversion from 'float' to 'int', possible loss of data
c:\users\19i9m01\documents\github\poleposition\poleposition\poleposition\road.cpp(124): warning C4244: '=': conversion from 'double' to 'int', possible loss of data
c:\users\19i9m01\documents\github\poleposition\poleposition\poleposition\road.cpp(128): warning C4244: 'argument': conversion from 'double' to 'float', possible loss of data
c:\users\19i9m01\documents\github\poleposition\poleposition\poleposition\road.cpp(130): warning C4244: 'argument': conversion from 'double' to 'float', possible loss of data
c:\users\19i9m01\documents\github\poleposition\poleposition\poleposition\road.cpp(150): warning C4267: 'initializing': conversion from 'size_t' to 'int', possible loss of data
c:\users\19i9m01\documents\github\poleposition\poleposition\poleposition\road.cpp(154): warning C4267: '=': conversion from 'size_t' to 'int', possible loss of data
c:\users\19i9m01\documents\github\poleposition\poleposition\poleposition\road.cpp(165): warning C4244: '=': conversion from 'float' to 'int', possible loss of data
c:\users\19i9m01\documents\github\poleposition\poleposition\poleposition\road.cpp(166): warning C4244: '=': conversion from 'double' to 'int', possible loss of data
c:\users\19i9m01\documents\github\poleposition\poleposition\poleposition\road.cpp(175): warning C4244: 'argument': conversion from 'int' to 'float', possible loss of data
c:\users\19i9m01\documents\github\poleposition\poleposition\poleposition\road.cpp(186): warning C4244: '=': conversion from 'float' to 'int', possible loss of data
c:\users\19i9m01\documents\github\poleposition\poleposition\poleposition\road.cpp(187): warning C4244: '=': conversion from 'double' to 'int', possible loss of data
c:\users\19i9m01\documents\github\poleposition\poleposition\poleposition\road.cpp(191): warning C4244: 'argument': conversion from 'int' to 'float', possible loss of data
c:\users\19i9m01\documents\github\poleposition\poleposition\poleposition\road.cpp(200): warning C4244: '=': conversion from 'float' to 'int', possible loss of data
c:\users\19i9m01\documents\github\poleposition\poleposition\poleposition\road.cpp(201): warning C4244: '=': conversion from 'double' to 'int', possible loss of data
c:\users\19i9m01\documents\github\poleposition\poleposition\poleposition\road.cpp(210): warning C4244: 'argument': conversion from 'int' to 'float', possible loss of data
c:\users\19i9m01\documents\github\poleposition\poleposition\poleposition\road.cpp(221): warning C4244: '=': conversion from 'float' to 'int', possible loss of data
c:\users\19i9m01\documents\github\poleposition\poleposition\poleposition\road.cpp(222): warning C4244: '=': conversion from 'double' to 'int', possible loss of data
c:\users\19i9m01\documents\github\poleposition\poleposition\poleposition\road.cpp(226): warning C4244: 'argument': conversion from 'int' to 'float', possible loss of data
c:\users\19i9m01\documents\github\poleposition\poleposition\poleposition\road.cpp(235): warning C4244: 'argument': conversion from 'double' to 'float', possible loss of data
c:\users\19i9m01\documents\github\poleposition\poleposition\poleposition\road.cpp(267): warning C4244: 'argument': conversion from 'int' to 'float', possible loss of data
c:\users\19i9m01\documents\github\poleposition\poleposition\poleposition\road.cpp(268): warning C4244: 'argument': conversion from 'int' to 'float', possible loss of data
  Racer.cpp
  PolePosition.cpp
  Player.cpp
c:\users\19i9m01\documents\github\poleposition\poleposition\poleposition\player.cpp(149): warning C4244: '=': conversion from 'double' to 'int', possible loss of data
c:\users\19i9m01\documents\github\poleposition\poleposition\poleposition\player.cpp(156): warning C4244: '=': conversion from 'double' to 'float', possible loss of data
c:\users\19i9m01\documents\github\poleposition\poleposition\poleposition\player.cpp(158): warning C4305: '-=': truncation from 'double' to 'float'
c:\users\19i9m01\documents\github\poleposition\poleposition\poleposition\player.cpp(176): warning C4244: 'initializing': conversion from 'double' to 'int', possible loss of data
  Object.cpp
c:\users\19i9m01\documents\github\poleposition\poleposition\poleposition\object.cpp(47): warning C4244: 'initializing': conversion from 'double' to 'int', possible loss of data
c:\users\19i9m01\documents\github\poleposition\poleposition\poleposition\object.cpp(52): warning C4244: 'argument': conversion from 'double' to 'float', possible loss of data
c:\users\19i9m01\documents\github\poleposition\poleposition\poleposition\object.cpp(53): warning C4244: 'argument': conversion from 'double' to 'float', possible loss of data
  Game.cpp
c:\users\19i9m01\documents\github\poleposition\poleposition\poleposition\game.cpp(128): warning C4244: 'argument': conversion from 'double' to 'int', possible loss of data
c:\users\19i9m01\documents\github\poleposition\poleposition\poleposition\game.cpp(139): warning C4244: 'argument': conversion from 'unsigned int' to 'float', possible loss of data
c:\users\19i9m01\documents\github\poleposition\poleposition\poleposition\game.cpp(146): warning C4305: 'argument': truncation from 'double' to 'float'
c:\users\19i9m01\documents\github\poleposition\poleposition\poleposition\game.cpp(173): warning C4305: 'argument': truncation from 'double' to 'float'
c:\users\19i9m01\documents\github\poleposition\poleposition\poleposition\game.cpp(177): warning C4305: 'argument': truncation from 'double' to 'float'
  Car.cpp
  Generating Code...
sfml-graphics-d.lib(sfml-graphics-d-2.dll) : fatal error LNK1112: module machine type 'X86' conflicts with target machine type 'x64'
