c:\users\19i9m01\documents\github\poleposition\poleposition\poleposition\debug\poleposition.pch
c:\users\19i9m01\documents\github\poleposition\poleposition\poleposition\debug\vc141.pdb
c:\users\19i9m01\documents\github\poleposition\poleposition\poleposition\debug\vc141.idb
c:\users\19i9m01\documents\github\poleposition\poleposition\poleposition\debug\stdafx.obj
c:\users\19i9m01\documents\github\poleposition\poleposition\poleposition\debug\car.obj
c:\users\19i9m01\documents\github\poleposition\poleposition\poleposition\debug\object.obj
c:\users\19i9m01\documents\github\poleposition\poleposition\poleposition\debug\player.obj
c:\users\19i9m01\documents\github\poleposition\poleposition\poleposition\debug\poleposition.obj
c:\users\19i9m01\documents\github\poleposition\poleposition\poleposition\debug\racer.obj
c:\users\19i9m01\documents\github\poleposition\poleposition\poleposition\debug\road.obj
c:\users\19i9m01\documents\github\poleposition\poleposition\poleposition\debug\game.obj
c:\users\19i9m01\documents\github\poleposition\poleposition\poleposition\debug\roadshape.obj
c:\users\19i9m01\documents\github\poleposition\poleposition\poleposition\debug\car.obj.enc
c:\users\19i9m01\documents\github\poleposition\poleposition\poleposition\debug\road.obj.enc
c:\users\19i9m01\documents\github\poleposition\poleposition\debug\poleposition.pdb
c:\users\19i9m01\documents\github\poleposition\poleposition\poleposition\debug\poleposition.tlog\cl.command.1.tlog
c:\users\19i9m01\documents\github\poleposition\poleposition\poleposition\debug\poleposition.tlog\cl.read.1.tlog
c:\users\19i9m01\documents\github\poleposition\poleposition\poleposition\debug\poleposition.tlog\cl.write.1.tlog
c:\users\19i9m01\documents\github\poleposition\poleposition\poleposition\debug\poleposition.tlog\link-cvtres.read.1.tlog
c:\users\19i9m01\documents\github\poleposition\poleposition\poleposition\debug\poleposition.tlog\link-cvtres.write.1.tlog
c:\users\19i9m01\documents\github\poleposition\poleposition\poleposition\debug\poleposition.tlog\link-rc.read.1.tlog
c:\users\19i9m01\documents\github\poleposition\poleposition\poleposition\debug\poleposition.tlog\link-rc.write.1.tlog
c:\users\19i9m01\documents\github\poleposition\poleposition\poleposition\debug\poleposition.tlog\link.command.1.tlog
c:\users\19i9m01\documents\github\poleposition\poleposition\poleposition\debug\poleposition.tlog\link.read.1.tlog
c:\users\19i9m01\documents\github\poleposition\poleposition\poleposition\debug\poleposition.tlog\link.write.1.tlog
