  Road.cpp
c:\users\19i9m01\documents\github\poleposition\poleposition\poleposition\road.cpp(49): warning C4018: '<': signed/unsigned mismatch
c:\users\19i9m01\documents\github\poleposition\poleposition\poleposition\road.cpp(55): warning C4018: '<': signed/unsigned mismatch
c:\users\19i9m01\documents\github\poleposition\poleposition\poleposition\road.cpp(73): warning C4101: 'oor': unreferenced local variable
c:\users\19i9m01\documents\github\poleposition\poleposition\poleposition\road.cpp(101): warning C4244: '=': conversion from 'float' to 'int', possible loss of data
c:\users\19i9m01\documents\github\poleposition\poleposition\poleposition\road.cpp(102): warning C4244: '=': conversion from 'double' to 'int', possible loss of data
c:\users\19i9m01\documents\github\poleposition\poleposition\poleposition\road.cpp(109): warning C4018: '<': signed/unsigned mismatch
c:\users\19i9m01\documents\github\poleposition\poleposition\poleposition\road.cpp(112): warning C4018: '>=': signed/unsigned mismatch
c:\users\19i9m01\documents\github\poleposition\poleposition\poleposition\road.cpp(119): warning C4244: '=': conversion from 'float' to 'int', possible loss of data
c:\users\19i9m01\documents\github\poleposition\poleposition\poleposition\road.cpp(120): warning C4244: '=': conversion from 'double' to 'int', possible loss of data
c:\users\19i9m01\documents\github\poleposition\poleposition\poleposition\road.cpp(129): warning C4244: 'argument': conversion from 'int' to 'float', possible loss of data
c:\users\19i9m01\documents\github\poleposition\poleposition\poleposition\road.cpp(134): warning C4244: 'argument': conversion from 'float' to 'int', possible loss of data
c:\users\19i9m01\documents\github\poleposition\poleposition\poleposition\road.cpp(143): warning C4244: '=': conversion from 'float' to 'int', possible loss of data
c:\users\19i9m01\documents\github\poleposition\poleposition\poleposition\road.cpp(144): warning C4244: '=': conversion from 'double' to 'int', possible loss of data
c:\users\19i9m01\documents\github\poleposition\poleposition\poleposition\road.cpp(148): warning C4244: 'argument': conversion from 'float' to 'int', possible loss of data
c:\users\19i9m01\documents\github\poleposition\poleposition\poleposition\road.cpp(155): warning C4244: '=': conversion from 'float' to 'int', possible loss of data
c:\users\19i9m01\documents\github\poleposition\poleposition\poleposition\road.cpp(156): warning C4244: '=': conversion from 'double' to 'int', possible loss of data
c:\users\19i9m01\documents\github\poleposition\poleposition\poleposition\road.cpp(164): warning C4244: 'argument': conversion from 'float' to 'int', possible loss of data
c:\users\19i9m01\documents\github\poleposition\poleposition\poleposition\road.cpp(173): warning C4244: '=': conversion from 'float' to 'int', possible loss of data
c:\users\19i9m01\documents\github\poleposition\poleposition\poleposition\road.cpp(174): warning C4244: '=': conversion from 'double' to 'int', possible loss of data
c:\users\19i9m01\documents\github\poleposition\poleposition\poleposition\road.cpp(178): warning C4244: 'argument': conversion from 'float' to 'int', possible loss of data
c:\users\19i9m01\documents\github\poleposition\poleposition\poleposition\road.cpp(189): warning C4018: '<': signed/unsigned mismatch
c:\users\19i9m01\documents\github\poleposition\poleposition\poleposition\road.cpp(221): warning C4244: '=': conversion from 'float' to 'int', possible loss of data
c:\users\19i9m01\documents\github\poleposition\poleposition\poleposition\road.cpp(222): warning C4244: '=': conversion from 'double' to 'int', possible loss of data
c:\users\19i9m01\documents\github\poleposition\poleposition\poleposition\road.cpp(224): warning C4018: '<': signed/unsigned mismatch
c:\users\19i9m01\documents\github\poleposition\poleposition\poleposition\road.cpp(231): warning C4244: 'argument': conversion from 'float' to 'int', possible loss of data
c:\users\19i9m01\documents\github\poleposition\poleposition\poleposition\road.cpp(240): warning C4244: '=': conversion from 'float' to 'int', possible loss of data
c:\users\19i9m01\documents\github\poleposition\poleposition\poleposition\road.cpp(241): warning C4244: '=': conversion from 'double' to 'int', possible loss of data
c:\users\19i9m01\documents\github\poleposition\poleposition\poleposition\road.cpp(245): warning C4244: 'argument': conversion from 'float' to 'int', possible loss of data
c:\users\19i9m01\documents\github\poleposition\poleposition\poleposition\road.cpp(252): warning C4244: '=': conversion from 'float' to 'int', possible loss of data
c:\users\19i9m01\documents\github\poleposition\poleposition\poleposition\road.cpp(253): warning C4244: '=': conversion from 'double' to 'int', possible loss of data
c:\users\19i9m01\documents\github\poleposition\poleposition\poleposition\road.cpp(255): warning C4018: '<': signed/unsigned mismatch
c:\users\19i9m01\documents\github\poleposition\poleposition\poleposition\road.cpp(262): warning C4244: 'argument': conversion from 'float' to 'int', possible loss of data
c:\users\19i9m01\documents\github\poleposition\poleposition\poleposition\road.cpp(271): warning C4244: '=': conversion from 'float' to 'int', possible loss of data
c:\users\19i9m01\documents\github\poleposition\poleposition\poleposition\road.cpp(272): warning C4244: '=': conversion from 'double' to 'int', possible loss of data
c:\users\19i9m01\documents\github\poleposition\poleposition\poleposition\road.cpp(276): warning C4244: 'argument': conversion from 'float' to 'int', possible loss of data
c:\users\19i9m01\documents\github\poleposition\poleposition\poleposition\road.cpp(283): warning C4018: '<': signed/unsigned mismatch
c:\users\19i9m01\documents\github\poleposition\poleposition\poleposition\road.cpp(287): warning C4244: '=': conversion from 'float' to 'int', possible loss of data
c:\users\19i9m01\documents\github\poleposition\poleposition\poleposition\road.cpp(288): warning C4244: 'argument': conversion from 'double' to 'int', possible loss of data
c:\users\19i9m01\documents\github\poleposition\poleposition\poleposition\road.cpp(293): warning C4018: '<': signed/unsigned mismatch
c:\users\19i9m01\documents\github\poleposition\poleposition\poleposition\road.cpp(316): warning C4018: '<': signed/unsigned mismatch
c:\users\19i9m01\documents\github\poleposition\poleposition\poleposition\road.cpp(321): warning C4244: 'argument': conversion from 'int' to 'float', possible loss of data
c:\users\19i9m01\documents\github\poleposition\poleposition\poleposition\road.cpp(322): warning C4244: 'argument': conversion from 'int' to 'float', possible loss of data
c:\users\19i9m01\documents\github\poleposition\poleposition\poleposition\road.cpp(343): warning C4244: 'argument': conversion from 'int' to 'float', possible loss of data
c:\users\19i9m01\documents\github\poleposition\poleposition\poleposition\road.cpp(349): warning C4244: 'argument': conversion from 'int' to 'float', possible loss of data
  PolePosition.vcxproj -> C:\Users\19I9M01\Documents\GitHub\PolePosition\PolePosition\Debug\PolePosition.exe
